  [1m[35m (0.4ms)[0m  [1m[35mSET NAMES utf8,  @@SESSION.sql_mode = CONCAT(CONCAT(@@sql_mode, ',STRICT_ALL_TABLES'), ',NO_AUTO_VALUE_ON_ZERO'),  @@SESSION.sql_auto_is_null = 0, @@SESSION.wait_timeout = 2147483[0m
  ↳ /Users/nakamuratatsuki/.rbenv/versions/2.5.1/bin/rake:23
  [1m[35m (1.1ms)[0m  [1m[35mCREATE DATABASE `mercari_sample_development` DEFAULT CHARACTER SET `utf8`[0m
  ↳ /Users/nakamuratatsuki/.rbenv/versions/2.5.1/bin/rake:23
  [1m[35m (0.2ms)[0m  [1m[35mSET NAMES utf8,  @@SESSION.sql_mode = CONCAT(CONCAT(@@sql_mode, ',STRICT_ALL_TABLES'), ',NO_AUTO_VALUE_ON_ZERO'),  @@SESSION.sql_auto_is_null = 0, @@SESSION.wait_timeout = 2147483[0m
  ↳ /Users/nakamuratatsuki/.rbenv/versions/2.5.1/bin/rake:23
  [1m[35m (0.5ms)[0m  [1m[35mCREATE DATABASE `mercari_sample_test` DEFAULT CHARACTER SET `utf8`[0m
  ↳ /Users/nakamuratatsuki/.rbenv/versions/2.5.1/bin/rake:23
  [1m[35m (11.4ms)[0m  [1m[35mSET NAMES utf8,  @@SESSION.sql_mode = CONCAT(CONCAT(@@sql_mode, ',STRICT_ALL_TABLES'), ',NO_AUTO_VALUE_ON_ZERO'),  @@SESSION.sql_auto_is_null = 0, @@SESSION.wait_timeout = 2147483[0m
  ↳ /Users/nakamuratatsuki/.rbenv/versions/2.5.1/bin/rake:23
  [1m[35m (0.1ms)[0m  [1m[34mSELECT GET_LOCK('6779917657244183655', 0)[0m
  ↳ /Users/nakamuratatsuki/.rbenv/versions/2.5.1/bin/rake:23
  [1m[35m (0.3ms)[0m  [1m[34mSELECT `schema_migrations`.`version` FROM `schema_migrations` ORDER BY `schema_migrations`.`version` ASC[0m
  ↳ /Users/nakamuratatsuki/.rbenv/versions/2.5.1/bin/rake:23
Migrating to CreateUsers (20181231072512)
  [1m[35m (27.9ms)[0m  [1m[35mCREATE TABLE `users` (`id` bigint NOT NULL AUTO_INCREMENT PRIMARY KEY, `nickname` varchar(255) NOT NULL, `phone_number` int NOT NULL, `email` varchar(255) NOT NULL, `password` varchar(255) NOT NULL, `icon_image` varchar(255), `background_image` varchar(255), `birth_year` int NOT NULL, `birth_month` int NOT NULL, `birth_day` int NOT NULL, `profile` text, `point` int, `created_at` datetime NOT NULL, `updated_at` datetime NOT NULL)[0m
  ↳ db/migrate/20181231072512_create_users.rb:3
  [1m[35m (0.9ms)[0m  [1m[35mBEGIN[0m
  ↳ /Users/nakamuratatsuki/.rbenv/versions/2.5.1/bin/rake:23
  [1m[36mActiveRecord::SchemaMigration Create (17.4ms)[0m  [1m[32mINSERT INTO `schema_migrations` (`version`) VALUES ('20181231072512')[0m
  ↳ /Users/nakamuratatsuki/.rbenv/versions/2.5.1/bin/rake:23
  [1m[35m (1.1ms)[0m  [1m[35mCOMMIT[0m
  ↳ /Users/nakamuratatsuki/.rbenv/versions/2.5.1/bin/rake:23
  [1m[36mActiveRecord::InternalMetadata Load (0.3ms)[0m  [1m[34mSELECT  `ar_internal_metadata`.* FROM `ar_internal_metadata` WHERE `ar_internal_metadata`.`key` = 'environment' LIMIT 1[0m
  ↳ /Users/nakamuratatsuki/.rbenv/versions/2.5.1/bin/rake:23
  [1m[35m (0.2ms)[0m  [1m[35mBEGIN[0m
  ↳ /Users/nakamuratatsuki/.rbenv/versions/2.5.1/bin/rake:23
  [1m[35m (0.1ms)[0m  [1m[35mCOMMIT[0m
  ↳ /Users/nakamuratatsuki/.rbenv/versions/2.5.1/bin/rake:23
  [1m[35m (0.2ms)[0m  [1m[34mSELECT RELEASE_LOCK('6779917657244183655')[0m
  ↳ /Users/nakamuratatsuki/.rbenv/versions/2.5.1/bin/rake:23
  [1m[35m (0.3ms)[0m  [1m[34mSELECT `schema_migrations`.`version` FROM `schema_migrations` ORDER BY `schema_migrations`.`version` ASC[0m
  ↳ /Users/nakamuratatsuki/.rbenv/versions/2.5.1/bin/rake:23
